CBMC version 5.13.0 (cbmc-5.13.1-6-g95fbc85ba) 64-bit x86_64 linux
Parsing presentperm.cc
Converting
Type-checking presentperm
Generating GOTO Program
Adding CPROVER library (x86_64)
Removal of function pointers and virtual functions
Generic Property Instrumentation
Running with 8 object bits, 56 offset bits (default)
Starting Bounded Model Checking
size of program expression: 519 steps
simple slicing removed 2 assignments
Generated 1 VCC(s), 1 remaining after simplification
Passing problem to propositional reduction
converting SSA
Running propositional reduction
Post-processing
Solving with MiniSAT 2.2.1 with simplifier
5607 variables, 6603 clauses
SAT checker inconsistent: instance is UNSATISFIABLE
Runtime decision procedure: 0.00401652s

** Results:
presentperm.cc function present_check
[present_check.assertion.1] line 39 assertion result_rv64 == result_rv32: SUCCESS

** 0 of 1 failed (1 iterations)
VERIFICATION SUCCESSFUL
