#=============================================================================#
#            dieharder version 3.31.1 Copyright 2003 Robert G. Brown          #
#=============================================================================#
   rng_name    |rands/second|   Seed   |
stdin_input_raw|  2.18e+07  | 785339857|
#=============================================================================#
        test_name   |ntup| tsamples |psamples|  p-value |Assessment
#=============================================================================#
   diehard_birthdays|   0|       100|     100|0.97389863|  PASSED  
      diehard_operm5|   0|   1000000|     100|0.91981609|  PASSED  
  diehard_rank_32x32|   0|     40000|     100|0.00000000|  FAILED  
    diehard_rank_6x8|   0|    100000|     100|0.92487962|  PASSED  
   diehard_bitstream|   0|   2097152|     100|0.87491415|  PASSED  
        diehard_opso|   0|   2097152|     100|0.00000000|  FAILED  
        diehard_oqso|   0|   2097152|     100|0.00000000|  FAILED  
         diehard_dna|   0|   2097152|     100|0.00000000|  FAILED  
diehard_count_1s_str|   0|    256000|     100|0.00000000|  FAILED  
diehard_count_1s_byt|   0|    256000|     100|0.00000000|  FAILED  
 diehard_parking_lot|   0|     12000|     100|0.43004782|  PASSED  
    diehard_2dsphere|   2|      8000|     100|0.47788557|  PASSED  
    diehard_3dsphere|   3|      4000|     100|0.56459760|  PASSED  
     diehard_squeeze|   0|    100000|     100|0.42917706|  PASSED  
        diehard_sums|   0|       100|     100|0.11570538|  PASSED  
        diehard_runs|   0|    100000|     100|0.91067283|  PASSED  
        diehard_runs|   0|    100000|     100|0.65806199|  PASSED  
       diehard_craps|   0|    200000|     100|0.21786104|  PASSED  
       diehard_craps|   0|    200000|     100|0.94562799|  PASSED  
 marsaglia_tsang_gcd|   0|  10000000|     100|0.00000000|  FAILED  
 marsaglia_tsang_gcd|   0|  10000000|     100|0.07273629|  PASSED  
         sts_monobit|   1|    100000|     100|0.28463902|  PASSED  
            sts_runs|   2|    100000|     100|0.23691059|  PASSED  
          sts_serial|   1|    100000|     100|0.54910376|  PASSED  
          sts_serial|   2|    100000|     100|0.03340974|  PASSED  
          sts_serial|   3|    100000|     100|0.18302239|  PASSED  
          sts_serial|   3|    100000|     100|0.89932364|  PASSED  
          sts_serial|   4|    100000|     100|0.02863875|  PASSED  
          sts_serial|   4|    100000|     100|0.63540846|  PASSED  
          sts_serial|   5|    100000|     100|0.00686210|  PASSED  
          sts_serial|   5|    100000|     100|0.00467514|   WEAK   
          sts_serial|   6|    100000|     100|0.00025489|   WEAK   
          sts_serial|   6|    100000|     100|0.25545132|  PASSED  
          sts_serial|   7|    100000|     100|0.12057151|  PASSED  
          sts_serial|   7|    100000|     100|0.06652702|  PASSED  
          sts_serial|   8|    100000|     100|0.05711739|  PASSED  
          sts_serial|   8|    100000|     100|0.17518520|  PASSED  
          sts_serial|   9|    100000|     100|0.13145775|  PASSED  
          sts_serial|   9|    100000|     100|0.00018263|   WEAK   
          sts_serial|  10|    100000|     100|0.01445304|  PASSED  
          sts_serial|  10|    100000|     100|0.41157173|  PASSED  
          sts_serial|  11|    100000|     100|0.42567647|  PASSED  
          sts_serial|  11|    100000|     100|0.77680250|  PASSED  
          sts_serial|  12|    100000|     100|0.19832630|  PASSED  
          sts_serial|  12|    100000|     100|0.49694483|  PASSED  
          sts_serial|  13|    100000|     100|0.06657109|  PASSED  
          sts_serial|  13|    100000|     100|0.02204798|  PASSED  
          sts_serial|  14|    100000|     100|0.46444883|  PASSED  
          sts_serial|  14|    100000|     100|0.91158243|  PASSED  
          sts_serial|  15|    100000|     100|0.15287050|  PASSED  
          sts_serial|  15|    100000|     100|0.41738153|  PASSED  
          sts_serial|  16|    100000|     100|0.89304410|  PASSED  
          sts_serial|  16|    100000|     100|0.05556817|  PASSED  
         rgb_bitdist|   1|    100000|     100|0.00000000|  FAILED  
         rgb_bitdist|   2|    100000|     100|0.00000000|  FAILED  
         rgb_bitdist|   3|    100000|     100|0.00000000|  FAILED  
         rgb_bitdist|   4|    100000|     100|0.00000000|  FAILED  
         rgb_bitdist|   5|    100000|     100|0.00000000|  FAILED  
         rgb_bitdist|   6|    100000|     100|0.00000000|  FAILED  
         rgb_bitdist|   7|    100000|     100|0.00000023|  FAILED  
         rgb_bitdist|   8|    100000|     100|0.00000254|   WEAK   
         rgb_bitdist|   9|    100000|     100|0.58670384|  PASSED  
         rgb_bitdist|  10|    100000|     100|0.07718182|  PASSED  
         rgb_bitdist|  11|    100000|     100|0.13340799|  PASSED  
         rgb_bitdist|  12|    100000|     100|0.49417991|  PASSED  
rgb_minimum_distance|   2|     10000|    1000|0.00000073|  FAILED  
rgb_minimum_distance|   3|     10000|    1000|0.01076580|  PASSED  
rgb_minimum_distance|   4|     10000|    1000|0.00000000|  FAILED  
rgb_minimum_distance|   5|     10000|    1000|0.00009839|   WEAK   
    rgb_permutations|   2|    100000|     100|0.39881348|  PASSED  
    rgb_permutations|   3|    100000|     100|0.97530848|  PASSED  
    rgb_permutations|   4|    100000|     100|0.93191048|  PASSED  
    rgb_permutations|   5|    100000|     100|0.18430922|  PASSED  
      rgb_lagged_sum|   0|   1000000|     100|0.90279800|  PASSED  
      rgb_lagged_sum|   1|   1000000|     100|0.99278490|  PASSED  
      rgb_lagged_sum|   2|   1000000|     100|0.97029455|  PASSED  
      rgb_lagged_sum|   3|   1000000|     100|0.43450984|  PASSED  
      rgb_lagged_sum|   4|   1000000|     100|0.78003078|  PASSED  
      rgb_lagged_sum|   5|   1000000|     100|0.49494546|  PASSED  
      rgb_lagged_sum|   6|   1000000|     100|0.31014339|  PASSED  
      rgb_lagged_sum|   7|   1000000|     100|0.66879455|  PASSED  
      rgb_lagged_sum|   8|   1000000|     100|0.78223711|  PASSED  
      rgb_lagged_sum|   9|   1000000|     100|0.89377731|  PASSED  
      rgb_lagged_sum|  10|   1000000|     100|0.30914140|  PASSED  
      rgb_lagged_sum|  11|   1000000|     100|0.23001839|  PASSED  
      rgb_lagged_sum|  12|   1000000|     100|0.82637606|  PASSED  
      rgb_lagged_sum|  13|   1000000|     100|0.86794653|  PASSED  
      rgb_lagged_sum|  14|   1000000|     100|0.96587217|  PASSED  
      rgb_lagged_sum|  15|   1000000|     100|0.99848549|   WEAK   
      rgb_lagged_sum|  16|   1000000|     100|0.13337533|  PASSED  
      rgb_lagged_sum|  17|   1000000|     100|0.19955658|  PASSED  
      rgb_lagged_sum|  18|   1000000|     100|0.29107946|  PASSED  
      rgb_lagged_sum|  19|   1000000|     100|0.95981791|  PASSED  
      rgb_lagged_sum|  20|   1000000|     100|0.33316332|  PASSED  
      rgb_lagged_sum|  21|   1000000|     100|0.78679847|  PASSED  
      rgb_lagged_sum|  22|   1000000|     100|0.19197735|  PASSED  
      rgb_lagged_sum|  23|   1000000|     100|0.66824635|  PASSED  
      rgb_lagged_sum|  24|   1000000|     100|0.64110572|  PASSED  
      rgb_lagged_sum|  25|   1000000|     100|0.46643551|  PASSED  
      rgb_lagged_sum|  26|   1000000|     100|0.97104562|  PASSED  
      rgb_lagged_sum|  27|   1000000|     100|0.98360314|  PASSED  
      rgb_lagged_sum|  28|   1000000|     100|0.91589004|  PASSED  
      rgb_lagged_sum|  29|   1000000|     100|0.34078855|  PASSED  
      rgb_lagged_sum|  30|   1000000|     100|0.19446349|  PASSED  
      rgb_lagged_sum|  31|   1000000|     100|0.89136145|  PASSED  
      rgb_lagged_sum|  32|   1000000|     100|0.70166019|  PASSED  
     rgb_kstest_test|   0|     10000|    1000|0.79826821|  PASSED  
     dab_bytedistrib|   0|  51200000|       1|1.00000000|  FAILED  
             dab_dct| 256|     50000|       1|0.00000000|  FAILED  
Preparing to run test 207.  ntuple = 0
        dab_filltree|  32|  15000000|       1|0.28166370|  PASSED  
        dab_filltree|  32|  15000000|       1|0.95320622|  PASSED  
Preparing to run test 208.  ntuple = 0
       dab_filltree2|   0|   5000000|       1|0.00000000|  FAILED  
       dab_filltree2|   1|   5000000|       1|0.00000000|  FAILED  
Preparing to run test 209.  ntuple = 0
        dab_monobit2|  12|  65000000|       1|1.00000000|  FAILED  
