#! /usr/local/bin/vvp
:ivl_version "12.0 (devel)" "(s20150603-942-gd8556e4c)";
:ivl_delay_selection "TYPICAL";
:vpi_time_precision + 0;
:vpi_module "/usr/local/lib/ivl/system.vpi";
:vpi_module "/usr/local/lib/ivl/vhdl_sys.vpi";
:vpi_module "/usr/local/lib/ivl/vhdl_textio.vpi";
:vpi_module "/usr/local/lib/ivl/v2005_math.vpi";
:vpi_module "/usr/local/lib/ivl/va_math.vpi";
S_0x5645e70e45d0 .scope module, "testbench" "testbench" 2 3;
 .timescale 0 0;
v0x5645e70bf2d0_0 .var/i "i", 31 0;
v0x5645e70bf7a0_0 .var/i "j", 31 0;
v0x5645e70c0100_0 .var "randval", 31 0;
    .scope S_0x5645e70e45d0;
T_0 ;
    %pushi/vec4 0, 0, 32;
    %store/vec4 v0x5645e70bf7a0_0, 0, 32;
    %end;
    .thread T_0;
    .scope S_0x5645e70e45d0;
T_1 ;
    %pushi/vec4 0, 0, 32;
    %store/vec4 v0x5645e70bf2d0_0, 0, 32;
T_1.0 ;
    %load/vec4 v0x5645e70bf2d0_0;
    %cmpi/s 100000, 0, 32;
    %jmp/0xz T_1.1, 5;
    %vpi_func 2 10 "$random" 32 {0 0 0};
    %store/vec4 v0x5645e70c0100_0, 0, 32;
    %load/vec4 v0x5645e70c0100_0;
    %parti/s 6, 0, 2;
    %pad/u 32;
    %cmpi/e 0, 0, 32;
    %jmp/0xz  T_1.2, 4;
    %vpi_call 2 12 "$display", "%8d %6d: %x -> %d %d", v0x5645e70bf2d0_0, v0x5645e70bf7a0_0, v0x5645e70c0100_0, &PV<v0x5645e70c0100_0, 0, 6>, &PV<v0x5645e70c0100_0, 24, 4> {0 0 0};
    %load/vec4 v0x5645e70c0100_0;
    %parti/s 4, 24, 6;
    %pad/u 32;
    %cmpi/ne 0, 0, 32;
    %jmp/0xz  T_1.4, 4;
    %vpi_call 2 13 "$finish" {0 0 0};
T_1.4 ;
    %load/vec4 v0x5645e70bf7a0_0;
    %addi 1, 0, 32;
    %store/vec4 v0x5645e70bf7a0_0, 0, 32;
T_1.2 ;
    %load/vec4 v0x5645e70bf2d0_0;
    %addi 1, 0, 32;
    %store/vec4 v0x5645e70bf2d0_0, 0, 32;
    %jmp T_1.0;
T_1.1 ;
    %vpi_call 2 17 "$display", "IEEE Std 1364-2005 $random (rtl_dist_uniform(seed, LONG_MIN, LONG_MAX)) sucks!" {0 0 0};
    %end;
    .thread T_1;
# The file index is used to find the file name in the following table.
:file_names 3;
    "N/A";
    "<interactive>";
    "bad_random.v";
